{
  "RSpec": {
    "coverage": {
      "/Users/twilson.spqr/challenges/side-hussles/character-hive/spec/features/01_user_signs_up_spec.rb": [
        1,
        null,
        1,
        null,
        null,
        null,
        null,
        null,
        1,
        1,
        1,
        1,
        null,
        1,
        1,
        1,
        1,
        null,
        1,
        null,
        1,
        1,
        null,
        null,
        1,
        1,
        1,
        null,
        1,
        1,
        null,
        null,
        1,
        1,
        null,
        1,
        1,
        1,
        null,
        1,
        null,
        1,
        1,
        null,
        null
      ],
      "/Users/twilson.spqr/challenges/side-hussles/character-hive/spec/rails_helper.rb": [
        null,
        1,
        1,
        1,
        null,
        1,
        1,
        1,
        1,
        1,
        null,
        1,
        null,
        1,
        null,
        1,
        null,
        null,
        1,
        1,
        null,
        1,
        63,
        null,
        null,
        null,
        null,
        1,
        null,
        null,
        1,
        null,
        null,
        null,
        null,
        1,
        null,
        null,
        1,
        1,
        null,
        null,
        1,
        63,
        null,
        null,
        1,
        0,
        null,
        null,
        1,
        63,
        null,
        null,
        1,
        63,
        null,
        null,
        1,
        63,
        63,
        63,
        63,
        null,
        null,
        1,
        null,
        null,
        null,
        null,
        null,
        null,
        null,
        null,
        null,
        null,
        null,
        null,
        null,
        null,
        1,
        null,
        null,
        1,
        null,
        null,
        null,
        1,
        1,
        null,
        1,
        null,
        null,
        1,
        null,
        null,
        null,
        1,
        null,
        1,
        null
      ],
      "/Users/twilson.spqr/challenges/side-hussles/character-hive/config/environment.rb": [
        null,
        1,
        null,
        null,
        1
      ],
      "/Users/twilson.spqr/challenges/side-hussles/character-hive/config/application.rb": [
        1,
        null,
        1,
        null,
        1,
        1,
        1,
        1,
        1,
        1,
        1,
        1,
        null,
        null,
        null,
        null,
        1,
        null,
        1,
        1,
        null,
        1,
        null,
        null,
        null,
        null,
        null,
        null,
        1,
        null,
        null
      ],
      "/Users/twilson.spqr/challenges/side-hussles/character-hive/config/boot.rb": [
        1,
        null,
        1
      ],
      "/Users/twilson.spqr/challenges/side-hussles/character-hive/config/spring.rb": [
        null,
        null,
        null,
        null,
        null,
        5
      ],
      "/Users/twilson.spqr/challenges/side-hussles/character-hive/config/environments/test.rb": [
        1,
        null,
        null,
        null,
        null,
        null,
        null,
        1,
        null,
        null,
        null,
        null,
        1,
        null,
        null,
        1,
        1,
        null,
        null,
        null,
        null,
        1,
        1,
        null,
        null,
        1,
        null,
        null,
        1,
        1,
        null,
        null,
        null,
        null,
        1,
        null,
        null,
        1,
        null,
        null,
        null,
        null
      ],
      "/Users/twilson.spqr/challenges/side-hussles/character-hive/config/initializers/application_controller_renderer.rb": [
        null,
        null,
        null,
        null,
        null,
        null,
        null,
        null
      ],
      "/Users/twilson.spqr/challenges/side-hussles/character-hive/config/initializers/assets.rb": [
        null,
        null,
        null,
        1,
        null,
        null,
        null,
        null,
        1,
        null,
        null,
        null,
        null,
        null
      ],
      "/Users/twilson.spqr/challenges/side-hussles/character-hive/config/initializers/backtrace_silencers.rb": [
        null,
        null,
        null,
        null,
        null,
        null,
        null
      ],
      "/Users/twilson.spqr/challenges/side-hussles/character-hive/config/initializers/cookies_serializer.rb": [
        null,
        null,
        null,
        null,
        1
      ],
      "/Users/twilson.spqr/challenges/side-hussles/character-hive/config/initializers/devise.rb": [
        null,
        null,
        1,
        null,
        null,
        null,
        null,
        null,
        null,
        null,
        null,
        null,
        null,
        null,
        1,
        null,
        null,
        null,
        null,
        null,
        null,
        null,
        null,
        null,
        null,
        null,
        1,
        null,
        null,
        null,
        null,
        null,
        null,
        null,
        null,
        null,
        null,
        null,
        null,
        null,
        null,
        null,
        null,
        null,
        null,
        null,
        null,
        null,
        1,
        null,
        null,
        null,
        null,
        1,
        null,
        null,
        null,
        null,
        null,
        null,
        null,
        null,
        null,
        null,
        null,
        null,
        null,
        null,
        null,
        null,
        null,
        null,
        null,
        null,
        null,
        null,
        null,
        null,
        null,
        null,
        null,
        null,
        null,
        null,
        1,
        null,
        null,
        null,
        null,
        null,
        null,
        null,
        null,
        null,
        null,
        null,
        null,
        null,
        null,
        null,
        null,
        null,
        null,
        null,
        null,
        null,
        null,
        1,
        null,
        null,
        null,
        null,
        null,
        null,
        null,
        null,
        null,
        null,
        null,
        null,
        null,
        null,
        null,
        null,
        null,
        null,
        null,
        null,
        null,
        null,
        null,
        null,
        null,
        null,
        null,
        null,
        null,
        null,
        1,
        null,
        null,
        null,
        null,
        null,
        null,
        null,
        null,
        null,
        1,
        null,
        null,
        null,
        null,
        null,
        null,
        null,
        null,
        null,
        null,
        1,
        null,
        null,
        null,
        null,
        1,
        null,
        null,
        null,
        null,
        null,
        null,
        null,
        null,
        null,
        null,
        null,
        null,
        null,
        null,
        null,
        null,
        null,
        null,
        null,
        null,
        null,
        null,
        null,
        null,
        null,
        null,
        null,
        null,
        null,
        null,
        null,
        null,
        null,
        null,
        null,
        null,
        null,
        null,
        null,
        null,
        1,
        null,
        null,
        null,
        null,
        null,
        null,
        null,
        null,
        null,
        null,
        null,
        null,
        null,
        null,
        null,
        null,
        null,
        null,
        null,
        null,
        null,
        null,
        null,
        null,
        null,
        null,
        null,
        null,
        null,
        null,
        null,
        null,
        null,
        null,
        null,
        null,
        null,
        null,
        null,
        null,
        null,
        1,
        null,
        null,
        null,
        null,
        null,
        null,
        null,
        null,
        null,
        null,
        null,
        null,
        null,
        null,
        null,
        null,
        null,
        null,
        null,
        null,
        null,
        null,
        null,
        null,
        null,
        null,
        null,
        null,
        null,
        1,
        null,
        null
      ],
      "/Users/twilson.spqr/challenges/side-hussles/character-hive/config/initializers/filter_parameter_logging.rb": [
        null,
        null,
        null,
        1
      ],
      "/Users/twilson.spqr/challenges/side-hussles/character-hive/config/initializers/inflections.rb": [
        null,
        null,
        null,
        null,
        null,
        null,
        null,
        null,
        null,
        null,
        null,
        null,
        null,
        null,
        null,
        null
      ],
      "/Users/twilson.spqr/challenges/side-hussles/character-hive/config/initializers/mime_types.rb": [
        null,
        null,
        null,
        null
      ],
      "/Users/twilson.spqr/challenges/side-hussles/character-hive/config/initializers/react_on_rails.rb": [
        null,
        null,
        null,
        null,
        1,
        null,
        null,
        1,
        null,
        null,
        null,
        null,
        null,
        null,
        null,
        null,
        null,
        null,
        null,
        null,
        null,
        null,
        null,
        1,
        null,
        null,
        null,
        null,
        null,
        null,
        null,
        null,
        null,
        null,
        null,
        null,
        null,
        null,
        null,
        1,
        null
      ],
      "/Users/twilson.spqr/challenges/side-hussles/character-hive/config/initializers/wrap_parameters.rb": [
        null,
        null,
        null,
        null,
        null,
        null,
        1,
        1,
        null,
        null,
        null,
        null,
        null,
        null
      ],
      "/Users/twilson.spqr/challenges/side-hussles/character-hive/spec/factories/character_classes.rb": [
        1,
        1,
        65,
        1,
        1,
        1,
        1,
        null,
        null
      ],
      "/Users/twilson.spqr/challenges/side-hussles/character-hive/spec/factories/characters.rb": [
        1,
        1,
        1,
        null,
        null
      ],
      "/Users/twilson.spqr/challenges/side-hussles/character-hive/spec/factories/details_panels.rb": [
        1,
        1,
        null,
        null,
        null
      ],
      "/Users/twilson.spqr/challenges/side-hussles/character-hive/spec/factories/levels.rb": [
        1,
        1,
        null,
        null,
        null
      ],
      "/Users/twilson.spqr/challenges/side-hussles/character-hive/spec/factories/races.rb": [
        1,
        1,
        65,
        1,
        1,
        null,
        null
      ],
      "/Users/twilson.spqr/challenges/side-hussles/character-hive/spec/factories/users.rb": [
        1,
        1,
        74,
        74,
        1,
        null,
        null
      ],
      "/Users/twilson.spqr/challenges/side-hussles/character-hive/config/routes.rb": [
        1,
        1,
        null,
        1,
        null,
        1,
        null,
        1,
        null,
        1,
        null,
        1,
        null,
        null,
        null
      ],
      "/Users/twilson.spqr/challenges/side-hussles/character-hive/app/models/user.rb": [
        1,
        null,
        null,
        1,
        null,
        1,
        1,
        null,
        null,
        1,
        null,
        1,
        null,
        1,
        0,
        0,
        null,
        null,
        0,
        0,
        null,
        null,
        null,
        null,
        0,
        null,
        null
      ],
      "/Users/twilson.spqr/challenges/side-hussles/character-hive/app/models/application_record.rb": [
        1,
        1,
        null
      ],
      "/Users/twilson.spqr/challenges/side-hussles/character-hive/app/helpers/application_helper.rb": [
        1,
        null
      ],
      "/Users/twilson.spqr/challenges/side-hussles/character-hive/app/helpers/character_helper.rb": [
        1,
        null
      ],
      "/Users/twilson.spqr/challenges/side-hussles/character-hive/spec/features/02_user_signs_in_spec.rb": [
        1,
        null,
        1,
        null,
        null,
        null,
        null,
        null,
        1,
        1,
        1,
        1,
        null,
        1,
        1,
        null,
        1,
        null,
        1,
        1,
        1,
        null,
        null,
        1,
        1,
        null,
        1,
        1,
        1,
        null,
        1,
        1,
        1,
        null,
        null,
        1,
        1,
        1,
        null,
        1,
        1,
        1,
        null,
        1,
        1,
        1,
        null,
        null,
        1,
        1,
        1,
        null,
        1,
        1,
        1,
        null,
        1,
        1,
        null,
        1,
        null,
        1,
        null,
        null
      ],
      "/Users/twilson.spqr/challenges/side-hussles/character-hive/spec/features/03_user_signs_out_spec.rb": [
        1,
        null,
        1,
        null,
        null,
        null,
        null,
        1,
        1,
        1,
        null,
        1,
        1,
        null,
        null,
        1,
        null,
        null
      ],
      "/Users/twilson.spqr/challenges/side-hussles/character-hive/spec/features/04_user_views_character_index_spec.rb": [
        1,
        null,
        1,
        null,
        null,
        null,
        null,
        1,
        1,
        1,
        1,
        1,
        1,
        null,
        1,
        1,
        null,
        1,
        1,
        null,
        null
      ],
      "/Users/twilson.spqr/challenges/side-hussles/character-hive/spec/models/character_class_spec.rb": [
        1,
        null,
        1,
        1,
        9,
        null,
        1,
        2,
        2,
        null,
        2,
        null,
        null,
        1,
        2,
        2,
        null,
        null,
        1,
        2,
        2,
        null,
        null,
        1,
        2,
        2,
        null,
        null,
        null,
        null
      ],
      "/Users/twilson.spqr/challenges/side-hussles/character-hive/app/models/character_class.rb": [
        1,
        1,
        1,
        1,
        1,
        1,
        1,
        1,
        1,
        null,
        null
      ],
      "/Users/twilson.spqr/challenges/side-hussles/character-hive/spec/models/character_spec.rb": [
        1,
        null,
        1,
        1,
        2,
        2,
        null,
        null,
        1,
        2,
        2,
        null,
        null,
        1,
        2,
        2,
        null,
        null,
        2,
        2,
        null
      ],
      "/Users/twilson.spqr/challenges/side-hussles/character-hive/app/models/character.rb": [
        1,
        1,
        1,
        1,
        null,
        1,
        1,
        1,
        1,
        null
      ],
      "/Users/twilson.spqr/challenges/side-hussles/character-hive/spec/models/details_panel_spec.rb": [
        1,
        null,
        1,
        1,
        2,
        2,
        null,
        null,
        1,
        2,
        null,
        null,
        1,
        2,
        null,
        null,
        1,
        2,
        2,
        null,
        null
      ],
      "/Users/twilson.spqr/challenges/side-hussles/character-hive/app/models/details_panel.rb": [
        1,
        1,
        1,
        null,
        null
      ],
      "/Users/twilson.spqr/challenges/side-hussles/character-hive/spec/models/level_spec.rb": [
        1,
        null,
        1,
        1,
        2,
        2,
        null,
        null,
        2,
        2,
        null
      ],
      "/Users/twilson.spqr/challenges/side-hussles/character-hive/app/models/level.rb": [
        1,
        1,
        1,
        null,
        1,
        1,
        null
      ],
      "/Users/twilson.spqr/challenges/side-hussles/character-hive/spec/models/race_spec.rb": [
        1,
        null,
        1,
        1,
        2,
        2,
        null,
        null,
        1,
        2,
        2,
        null,
        null,
        1,
        2,
        2,
        null,
        2,
        2,
        null,
        2,
        2,
        null,
        2,
        2,
        null,
        2,
        2,
        null,
        2,
        2,
        null,
        null,
        null,
        1,
        2,
        null,
        null
      ],
      "/Users/twilson.spqr/challenges/side-hussles/character-hive/app/models/race.rb": [
        1,
        1,
        null,
        1,
        1,
        1,
        1,
        1,
        1,
        1,
        1,
        1,
        null
      ],
      "/Users/twilson.spqr/challenges/side-hussles/character-hive/spec/models/stat_value_spec.rb": [
        1,
        null,
        1,
        1,
        2,
        2,
        null,
        2,
        2,
        null,
        null,
        null
      ],
      "/Users/twilson.spqr/challenges/side-hussles/character-hive/app/models/stat_value.rb": [
        1,
        1,
        1,
        1,
        1,
        null
      ],
      "/Users/twilson.spqr/challenges/side-hussles/character-hive/spec/models/user_spec.rb": [
        1,
        null,
        1,
        1,
        6,
        null,
        null,
        1,
        2,
        2,
        null,
        2,
        2,
        null,
        2,
        null,
        null,
        1,
        2,
        null,
        null
      ],
      "/Users/twilson.spqr/challenges/side-hussles/character-hive/app/controllers/static_pages_controller.rb": [
        1,
        1,
        null,
        null,
        1,
        0,
        0,
        null,
        null
      ],
      "/Users/twilson.spqr/challenges/side-hussles/character-hive/app/controllers/application_controller.rb": [
        1,
        1,
        null,
        1,
        null,
        1,
        null,
        1,
        null,
        1,
        21,
        null,
        null,
        1,
        0,
        0,
        null,
        null,
        null,
        null
      ],
      "/Users/twilson.spqr/challenges/side-hussles/character-hive/app/controllers/character_controller.rb": [
        1,
        1,
        1,
        null,
        null,
        1,
        null,
        null
      ]
    },
    "timestamp": 1510719521
  }
}
